<?xml version="1.0" encoding="UTF-8"?>
<!-- Generated by org.testng.reporters.JUnitReportReporter -->
<testsuite hostname="PC-MKharrat" failures="0" tests="1" name="Academy.validateNavigationBar" time="0.037" errors="0" timestamp="2022-11-08T15:28:19 WAT" skipped="0">
  <testcase classname="Academy.validateNavigationBar" name="baseTitle" time="0.037"/>
  <system-out/>
</testsuite> <!-- Academy.validateNavigationBar -->
