<?xml version="1.0" encoding="UTF-8"?>
<!-- Generated by org.testng.reporters.JUnitReportReporter -->
<testsuite hostname="PC-MKharrat" failures="0" tests="1" name="Cucumber.TestNGTestRunner" time="34.218" errors="0" timestamp="2022-11-09T13:49:19 WAT" skipped="0">
  <testcase classname="Cucumber.TestNGTestRunner" name="runScenario" time="34.218"/>
  <system-out/>
</testsuite> <!-- Cucumber.TestNGTestRunner -->
