<?xml version="1.0" encoding="UTF-8"?>
<!-- Generated by org.testng.reporters.JUnitReportReporter -->
<testsuite hostname="PC-MKharrat" failures="0" tests="2" name="Academy.HomePage" time="71.046" errors="0" timestamp="2022-11-08T15:28:19 WAT" skipped="0">
  <testcase classname="Academy.HomePage" name="basePageNavigation" time="31.438"/>
  <system-out/>
  <testcase classname="Academy.HomePage" name="basePageNavigation" time="39.608"/>
  <system-out/>
</testsuite> <!-- Academy.HomePage -->
